781810 [http-nio-8080-exec-8] DEBUG j.c.i.s.m.EmployeeMapper.selectUser - ==>  Preparing: SELECT * FROM employee_master WHERE employee_master.emp_num = ? 
781810 [http-nio-8080-exec-8] DEBUG j.c.i.s.m.EmployeeMapper.selectUser - ==>  Preparing: SELECT * FROM employee_master WHERE employee_master.emp_num = ? 
781819 [http-nio-8080-exec-8] DEBUG j.c.i.s.m.EmployeeMapper.selectUser - ==> Parameters: 027(String)
781819 [http-nio-8080-exec-8] DEBUG j.c.i.s.m.EmployeeMapper.selectUser - ==> Parameters: 027(String)
782007 [http-nio-8080-exec-8] DEBUG j.c.i.s.m.EmployeeMapper.selectUser - <==      Total: 1
782007 [http-nio-8080-exec-8] DEBUG j.c.i.s.m.EmployeeMapper.selectUser - <==      Total: 1
782333 [http-nio-8080-exec-10] DEBUG j.c.i.s.m.E.selectEventListNotDevision - ==>  Preparing: select event.event_id,event.event_name,employee_master.emp_name from event inner join employee_master on event.host_num = employee_master.emp_num where event.decision_day is null order by event.event_id desc 
782333 [http-nio-8080-exec-10] DEBUG j.c.i.s.m.E.selectEventListNotDevision - ==>  Preparing: select event.event_id,event.event_name,employee_master.emp_name from event inner join employee_master on event.host_num = employee_master.emp_num where event.decision_day is null order by event.event_id desc 
782333 [http-nio-8080-exec-10] DEBUG j.c.i.s.m.E.selectEventListNotDevision - ==> Parameters: 
782333 [http-nio-8080-exec-10] DEBUG j.c.i.s.m.E.selectEventListNotDevision - ==> Parameters: 
782519 [http-nio-8080-exec-10] DEBUG j.c.i.s.m.E.selectEventListNotDevision - <==      Total: 4
782519 [http-nio-8080-exec-10] DEBUG j.c.i.s.m.E.selectEventListNotDevision - <==      Total: 4
783261 [http-nio-8080-exec-10] DEBUG j.c.i.s.m.E.selectEventListDevision - ==>  Preparing: select event.event_id,event.event_name,employee_master.emp_name,event.decision_day from event inner join employee_master on event.host_num = employee_master.emp_num where event.decision_day is not null and event.decision_day >= CURRENT_DATE() order by event.decision_day 
783261 [http-nio-8080-exec-10] DEBUG j.c.i.s.m.E.selectEventListDevision - ==>  Preparing: select event.event_id,event.event_name,employee_master.emp_name,event.decision_day from event inner join employee_master on event.host_num = employee_master.emp_num where event.decision_day is not null and event.decision_day >= CURRENT_DATE() order by event.decision_day 
783261 [http-nio-8080-exec-10] DEBUG j.c.i.s.m.E.selectEventListDevision - ==> Parameters: 
783261 [http-nio-8080-exec-10] DEBUG j.c.i.s.m.E.selectEventListDevision - ==> Parameters: 
783446 [http-nio-8080-exec-10] DEBUG j.c.i.s.m.E.selectEventListDevision - <==      Total: 2
783446 [http-nio-8080-exec-10] DEBUG j.c.i.s.m.E.selectEventListDevision - <==      Total: 2
784180 [http-nio-8080-exec-10] DEBUG j.c.i.s.m.E.selectEventListEnd - ==>  Preparing: select event.event_id,event.event_name,employee_master.emp_name,event.decision_day from event inner join employee_master on event.host_num = employee_master.emp_num where event.decision_day is not null and event.decision_day < CURRENT_DATE() order by event.decision_day desc 
784180 [http-nio-8080-exec-10] DEBUG j.c.i.s.m.E.selectEventListEnd - ==>  Preparing: select event.event_id,event.event_name,employee_master.emp_name,event.decision_day from event inner join employee_master on event.host_num = employee_master.emp_num where event.decision_day is not null and event.decision_day < CURRENT_DATE() order by event.decision_day desc 
784180 [http-nio-8080-exec-10] DEBUG j.c.i.s.m.E.selectEventListEnd - ==> Parameters: 
784180 [http-nio-8080-exec-10] DEBUG j.c.i.s.m.E.selectEventListEnd - ==> Parameters: 
784365 [http-nio-8080-exec-10] DEBUG j.c.i.s.m.E.selectEventListEnd - <==      Total: 4
784365 [http-nio-8080-exec-10] DEBUG j.c.i.s.m.E.selectEventListEnd - <==      Total: 4
785102 [http-nio-8080-exec-10] DEBUG j.c.i.s.m.C.selectCategoryList - ==>  Preparing: select * from category_master order by category_master.category_id 
785102 [http-nio-8080-exec-10] DEBUG j.c.i.s.m.C.selectCategoryList - ==>  Preparing: select * from category_master order by category_master.category_id 
785102 [http-nio-8080-exec-10] DEBUG j.c.i.s.m.C.selectCategoryList - ==> Parameters: 
785102 [http-nio-8080-exec-10] DEBUG j.c.i.s.m.C.selectCategoryList - ==> Parameters: 
785295 [http-nio-8080-exec-10] DEBUG j.c.i.s.m.C.selectCategoryList - <==      Total: 4
785295 [http-nio-8080-exec-10] DEBUG j.c.i.s.m.C.selectCategoryList - <==      Total: 4
786038 [http-nio-8080-exec-10] DEBUG j.c.i.s.m.E.selectEmpName - ==>  Preparing: select employee_master.emp_num,employee_master.emp_name from employee_master order by employee_master.emp_num 
786038 [http-nio-8080-exec-10] DEBUG j.c.i.s.m.E.selectEmpName - ==>  Preparing: select employee_master.emp_num,employee_master.emp_name from employee_master order by employee_master.emp_num 
786038 [http-nio-8080-exec-10] DEBUG j.c.i.s.m.E.selectEmpName - ==> Parameters: 
786038 [http-nio-8080-exec-10] DEBUG j.c.i.s.m.E.selectEmpName - ==> Parameters: 
786227 [http-nio-8080-exec-10] DEBUG j.c.i.s.m.E.selectEmpName - <==      Total: 21
786227 [http-nio-8080-exec-10] DEBUG j.c.i.s.m.E.selectEmpName - <==      Total: 21
790180 [http-nio-8080-exec-1] DEBUG j.c.i.s.m.C.selectCandidateDay - ==>  Preparing: select candidate_day.candidate_day,employee_master.emp_name,candidate_day.event_id ,vote_info.vote_emp_num from candidate_day left join vote_info on candidate_day.event_id = vote_info.event_id and candidate_day.candidate_day = vote_info.candidate_day left join employee_master on vote_info.vote_emp_num = employee_master.emp_num where candidate_day.event_id = ? order by candidate_day.candidate_day,employee_master.emp_num 
790180 [http-nio-8080-exec-1] DEBUG j.c.i.s.m.C.selectCandidateDay - ==>  Preparing: select candidate_day.candidate_day,employee_master.emp_name,candidate_day.event_id ,vote_info.vote_emp_num from candidate_day left join vote_info on candidate_day.event_id = vote_info.event_id and candidate_day.candidate_day = vote_info.candidate_day left join employee_master on vote_info.vote_emp_num = employee_master.emp_num where candidate_day.event_id = ? order by candidate_day.candidate_day,employee_master.emp_num 
790181 [http-nio-8080-exec-1] DEBUG j.c.i.s.m.C.selectCandidateDay - ==> Parameters: 13(Integer)
790181 [http-nio-8080-exec-1] DEBUG j.c.i.s.m.C.selectCandidateDay - ==> Parameters: 13(Integer)
790368 [http-nio-8080-exec-1] DEBUG j.c.i.s.m.C.selectCandidateDay - <==      Total: 5
790368 [http-nio-8080-exec-1] DEBUG j.c.i.s.m.C.selectCandidateDay - <==      Total: 5
791837 [http-nio-8080-exec-1] DEBUG j.c.i.s.m.E.selectEventFromId - ==>  Preparing: select employee_master.emp_name,employee_master.emp_num, event.event_name,category_master.category_name,event.place, event.host_comment,category_master.category_id,event.decision_day, event.event_id from event inner join employee_master on event.host_num = employee_master.emp_num inner join category_master on event.category_id = category_master.category_id where event_id = ? 
791837 [http-nio-8080-exec-1] DEBUG j.c.i.s.m.E.selectEventFromId - ==>  Preparing: select employee_master.emp_name,employee_master.emp_num, event.event_name,category_master.category_name,event.place, event.host_comment,category_master.category_id,event.decision_day, event.event_id from event inner join employee_master on event.host_num = employee_master.emp_num inner join category_master on event.category_id = category_master.category_id where event_id = ? 
791838 [http-nio-8080-exec-1] DEBUG j.c.i.s.m.E.selectEventFromId - ==> Parameters: 13(Integer)
791838 [http-nio-8080-exec-1] DEBUG j.c.i.s.m.E.selectEventFromId - ==> Parameters: 13(Integer)
792023 [http-nio-8080-exec-1] DEBUG j.c.i.s.m.E.selectEventFromId - <==      Total: 1
792023 [http-nio-8080-exec-1] DEBUG j.c.i.s.m.E.selectEventFromId - <==      Total: 1
792756 [http-nio-8080-exec-1] DEBUG j.c.i.s.m.C.selectCategoryList - ==>  Preparing: select * from category_master order by category_master.category_id 
792756 [http-nio-8080-exec-1] DEBUG j.c.i.s.m.C.selectCategoryList - ==>  Preparing: select * from category_master order by category_master.category_id 
792757 [http-nio-8080-exec-1] DEBUG j.c.i.s.m.C.selectCategoryList - ==> Parameters: 
792757 [http-nio-8080-exec-1] DEBUG j.c.i.s.m.C.selectCategoryList - ==> Parameters: 
792941 [http-nio-8080-exec-1] DEBUG j.c.i.s.m.C.selectCategoryList - <==      Total: 4
792941 [http-nio-8080-exec-1] DEBUG j.c.i.s.m.C.selectCategoryList - <==      Total: 4
794413 [http-nio-8080-exec-1] DEBUG j.c.i.s.m.C.selectComment - ==>  Preparing: select comment.participant_comment,employee_master.emp_name from comment inner join employee_master on comment.emp_num = employee_master.emp_num where comment.event_id = ? order by comment.commment_id 
794413 [http-nio-8080-exec-1] DEBUG j.c.i.s.m.C.selectComment - ==>  Preparing: select comment.participant_comment,employee_master.emp_name from comment inner join employee_master on comment.emp_num = employee_master.emp_num where comment.event_id = ? order by comment.commment_id 
794414 [http-nio-8080-exec-1] DEBUG j.c.i.s.m.C.selectComment - ==> Parameters: 13(Integer)
794414 [http-nio-8080-exec-1] DEBUG j.c.i.s.m.C.selectComment - ==> Parameters: 13(Integer)
794600 [http-nio-8080-exec-1] DEBUG j.c.i.s.m.C.selectComment - <==      Total: 1
794600 [http-nio-8080-exec-1] DEBUG j.c.i.s.m.C.selectComment - <==      Total: 1
