899664 [http-nio-8080-exec-4] DEBUG j.c.i.s.m.C.commentRegist - ==>  Preparing: insert into comment(event_id,emp_num,participant_comment) values (?,?,?) 
899664 [http-nio-8080-exec-4] DEBUG j.c.i.s.m.C.commentRegist - ==>  Preparing: insert into comment(event_id,emp_num,participant_comment) values (?,?,?) 
899674 [http-nio-8080-exec-4] DEBUG j.c.i.s.m.C.commentRegist - ==> Parameters: 13(Integer), 027(String), めん！どう！ってやつ？(String)
899674 [http-nio-8080-exec-4] DEBUG j.c.i.s.m.C.commentRegist - ==> Parameters: 13(Integer), 027(String), めん！どう！ってやつ？(String)
900064 [http-nio-8080-exec-4] DEBUG j.c.i.s.m.C.commentRegist - <==    Updates: 1
900064 [http-nio-8080-exec-4] DEBUG j.c.i.s.m.C.commentRegist - <==    Updates: 1
900813 [http-nio-8080-exec-4] DEBUG j.c.i.s.m.E.selectEventFromId - ==>  Preparing: select employee_master.emp_name,employee_master.emp_num, event.event_name,category_master.category_name,event.place, event.host_comment,category_master.category_id,event.decision_day, event.event_id from event inner join employee_master on event.host_num = employee_master.emp_num inner join category_master on event.category_id = category_master.category_id where event_id = ? 
900813 [http-nio-8080-exec-4] DEBUG j.c.i.s.m.E.selectEventFromId - ==>  Preparing: select employee_master.emp_name,employee_master.emp_num, event.event_name,category_master.category_name,event.place, event.host_comment,category_master.category_id,event.decision_day, event.event_id from event inner join employee_master on event.host_num = employee_master.emp_num inner join category_master on event.category_id = category_master.category_id where event_id = ? 
900813 [http-nio-8080-exec-4] DEBUG j.c.i.s.m.E.selectEventFromId - ==> Parameters: 13(Integer)
900813 [http-nio-8080-exec-4] DEBUG j.c.i.s.m.E.selectEventFromId - ==> Parameters: 13(Integer)
901001 [http-nio-8080-exec-4] DEBUG j.c.i.s.m.E.selectEventFromId - <==      Total: 1
901001 [http-nio-8080-exec-4] DEBUG j.c.i.s.m.E.selectEventFromId - <==      Total: 1
901745 [http-nio-8080-exec-4] DEBUG j.c.i.s.m.C.selectCandidateDay - ==>  Preparing: select candidate_day.candidate_day,employee_master.emp_name,candidate_day.event_id ,vote_info.vote_emp_num from candidate_day left join vote_info on candidate_day.event_id = vote_info.event_id and candidate_day.candidate_day = vote_info.candidate_day left join employee_master on vote_info.vote_emp_num = employee_master.emp_num where candidate_day.event_id = ? order by candidate_day.candidate_day,employee_master.emp_num 
901745 [http-nio-8080-exec-4] DEBUG j.c.i.s.m.C.selectCandidateDay - ==>  Preparing: select candidate_day.candidate_day,employee_master.emp_name,candidate_day.event_id ,vote_info.vote_emp_num from candidate_day left join vote_info on candidate_day.event_id = vote_info.event_id and candidate_day.candidate_day = vote_info.candidate_day left join employee_master on vote_info.vote_emp_num = employee_master.emp_num where candidate_day.event_id = ? order by candidate_day.candidate_day,employee_master.emp_num 
901745 [http-nio-8080-exec-4] DEBUG j.c.i.s.m.C.selectCandidateDay - ==> Parameters: 13(Integer)
901745 [http-nio-8080-exec-4] DEBUG j.c.i.s.m.C.selectCandidateDay - ==> Parameters: 13(Integer)
901932 [http-nio-8080-exec-4] DEBUG j.c.i.s.m.C.selectCandidateDay - <==      Total: 5
901932 [http-nio-8080-exec-4] DEBUG j.c.i.s.m.C.selectCandidateDay - <==      Total: 5
903411 [http-nio-8080-exec-4] DEBUG j.c.i.s.m.C.selectCategoryList - ==>  Preparing: select * from category_master order by category_master.category_id 
903411 [http-nio-8080-exec-4] DEBUG j.c.i.s.m.C.selectCategoryList - ==>  Preparing: select * from category_master order by category_master.category_id 
903411 [http-nio-8080-exec-4] DEBUG j.c.i.s.m.C.selectCategoryList - ==> Parameters: 
903411 [http-nio-8080-exec-4] DEBUG j.c.i.s.m.C.selectCategoryList - ==> Parameters: 
903598 [http-nio-8080-exec-4] DEBUG j.c.i.s.m.C.selectCategoryList - <==      Total: 4
903598 [http-nio-8080-exec-4] DEBUG j.c.i.s.m.C.selectCategoryList - <==      Total: 4
905084 [http-nio-8080-exec-4] DEBUG j.c.i.s.m.C.selectComment - ==>  Preparing: select comment.participant_comment,employee_master.emp_name from comment inner join employee_master on comment.emp_num = employee_master.emp_num where comment.event_id = ? order by comment.commment_id 
905084 [http-nio-8080-exec-4] DEBUG j.c.i.s.m.C.selectComment - ==>  Preparing: select comment.participant_comment,employee_master.emp_name from comment inner join employee_master on comment.emp_num = employee_master.emp_num where comment.event_id = ? order by comment.commment_id 
905084 [http-nio-8080-exec-4] DEBUG j.c.i.s.m.C.selectComment - ==> Parameters: 13(Integer)
905084 [http-nio-8080-exec-4] DEBUG j.c.i.s.m.C.selectComment - ==> Parameters: 13(Integer)
905269 [http-nio-8080-exec-4] DEBUG j.c.i.s.m.C.selectComment - <==      Total: 2
905269 [http-nio-8080-exec-4] DEBUG j.c.i.s.m.C.selectComment - <==      Total: 2
