350599 [http-nio-8080-exec-7] DEBUG j.c.i.s.m.E.selectEventListNotDevision - ==>  Preparing: select event.event_id,event.event_name,employee_master.emp_name from event inner join employee_master on event.host_num = employee_master.emp_num where event.decision_day is null order by event.event_id desc 
350599 [http-nio-8080-exec-7] DEBUG j.c.i.s.m.E.selectEventListNotDevision - ==>  Preparing: select event.event_id,event.event_name,employee_master.emp_name from event inner join employee_master on event.host_num = employee_master.emp_num where event.decision_day is null order by event.event_id desc 
350612 [http-nio-8080-exec-7] DEBUG j.c.i.s.m.E.selectEventListNotDevision - ==> Parameters: 
350612 [http-nio-8080-exec-7] DEBUG j.c.i.s.m.E.selectEventListNotDevision - ==> Parameters: 
350802 [http-nio-8080-exec-7] DEBUG j.c.i.s.m.E.selectEventListNotDevision - <==      Total: 3
350802 [http-nio-8080-exec-7] DEBUG j.c.i.s.m.E.selectEventListNotDevision - <==      Total: 3
351946 [http-nio-8080-exec-7] DEBUG j.c.i.s.m.E.selectEventListDevision - ==>  Preparing: select event.event_id,event.event_name,employee_master.emp_name,event.decision_day from event inner join employee_master on event.host_num = employee_master.emp_num where event.decision_day is not null and event.decision_day >= CURRENT_DATE() order by event.decision_day 
351946 [http-nio-8080-exec-7] DEBUG j.c.i.s.m.E.selectEventListDevision - ==>  Preparing: select event.event_id,event.event_name,employee_master.emp_name,event.decision_day from event inner join employee_master on event.host_num = employee_master.emp_num where event.decision_day is not null and event.decision_day >= CURRENT_DATE() order by event.decision_day 
351946 [http-nio-8080-exec-7] DEBUG j.c.i.s.m.E.selectEventListDevision - ==> Parameters: 
351946 [http-nio-8080-exec-7] DEBUG j.c.i.s.m.E.selectEventListDevision - ==> Parameters: 
352140 [http-nio-8080-exec-7] DEBUG j.c.i.s.m.E.selectEventListDevision - <==      Total: 2
352140 [http-nio-8080-exec-7] DEBUG j.c.i.s.m.E.selectEventListDevision - <==      Total: 2
352930 [http-nio-8080-exec-7] DEBUG j.c.i.s.m.E.selectEventListEnd - ==>  Preparing: select event.event_id,event.event_name,employee_master.emp_name,event.decision_day from event inner join employee_master on event.host_num = employee_master.emp_num where event.decision_day is not null and event.decision_day < CURRENT_DATE() order by event.decision_day desc 
352930 [http-nio-8080-exec-7] DEBUG j.c.i.s.m.E.selectEventListEnd - ==>  Preparing: select event.event_id,event.event_name,employee_master.emp_name,event.decision_day from event inner join employee_master on event.host_num = employee_master.emp_num where event.decision_day is not null and event.decision_day < CURRENT_DATE() order by event.decision_day desc 
352930 [http-nio-8080-exec-7] DEBUG j.c.i.s.m.E.selectEventListEnd - ==> Parameters: 
352930 [http-nio-8080-exec-7] DEBUG j.c.i.s.m.E.selectEventListEnd - ==> Parameters: 
353125 [http-nio-8080-exec-7] DEBUG j.c.i.s.m.E.selectEventListEnd - <==      Total: 4
353125 [http-nio-8080-exec-7] DEBUG j.c.i.s.m.E.selectEventListEnd - <==      Total: 4
353911 [http-nio-8080-exec-7] DEBUG j.c.i.s.m.C.selectCategoryList - ==>  Preparing: select * from category_master order by category_master.category_id 
353911 [http-nio-8080-exec-7] DEBUG j.c.i.s.m.C.selectCategoryList - ==>  Preparing: select * from category_master order by category_master.category_id 
353912 [http-nio-8080-exec-7] DEBUG j.c.i.s.m.C.selectCategoryList - ==> Parameters: 
353912 [http-nio-8080-exec-7] DEBUG j.c.i.s.m.C.selectCategoryList - ==> Parameters: 
354099 [http-nio-8080-exec-7] DEBUG j.c.i.s.m.C.selectCategoryList - <==      Total: 4
354099 [http-nio-8080-exec-7] DEBUG j.c.i.s.m.C.selectCategoryList - <==      Total: 4
354875 [http-nio-8080-exec-7] DEBUG j.c.i.s.m.E.selectEmpName - ==>  Preparing: select employee_master.emp_num,employee_master.emp_name from employee_master order by employee_master.emp_num 
354875 [http-nio-8080-exec-7] DEBUG j.c.i.s.m.E.selectEmpName - ==>  Preparing: select employee_master.emp_num,employee_master.emp_name from employee_master order by employee_master.emp_num 
354876 [http-nio-8080-exec-7] DEBUG j.c.i.s.m.E.selectEmpName - ==> Parameters: 
354876 [http-nio-8080-exec-7] DEBUG j.c.i.s.m.E.selectEmpName - ==> Parameters: 
355078 [http-nio-8080-exec-7] DEBUG j.c.i.s.m.E.selectEmpName - <==      Total: 21
355078 [http-nio-8080-exec-7] DEBUG j.c.i.s.m.E.selectEmpName - <==      Total: 21
392481 [http-nio-8080-exec-8] DEBUG j.c.i.s.m.C.selectCandidateDay - ==>  Preparing: select candidate_day.candidate_day,employee_master.emp_name,candidate_day.event_id ,vote_info.vote_emp_num from candidate_day left join vote_info on candidate_day.event_id = vote_info.event_id and candidate_day.candidate_day = vote_info.candidate_day left join employee_master on vote_info.vote_emp_num = employee_master.emp_num where candidate_day.event_id = ? order by candidate_day.candidate_day,employee_master.emp_num 
392481 [http-nio-8080-exec-8] DEBUG j.c.i.s.m.C.selectCandidateDay - ==>  Preparing: select candidate_day.candidate_day,employee_master.emp_name,candidate_day.event_id ,vote_info.vote_emp_num from candidate_day left join vote_info on candidate_day.event_id = vote_info.event_id and candidate_day.candidate_day = vote_info.candidate_day left join employee_master on vote_info.vote_emp_num = employee_master.emp_num where candidate_day.event_id = ? order by candidate_day.candidate_day,employee_master.emp_num 
392482 [http-nio-8080-exec-8] DEBUG j.c.i.s.m.C.selectCandidateDay - ==> Parameters: 9(Integer)
392482 [http-nio-8080-exec-8] DEBUG j.c.i.s.m.C.selectCandidateDay - ==> Parameters: 9(Integer)
392670 [http-nio-8080-exec-8] DEBUG j.c.i.s.m.C.selectCandidateDay - <==      Total: 2
392670 [http-nio-8080-exec-8] DEBUG j.c.i.s.m.C.selectCandidateDay - <==      Total: 2
394204 [http-nio-8080-exec-8] DEBUG j.c.i.s.m.E.selectEventFromId - ==>  Preparing: select employee_master.emp_name,employee_master.emp_num, event.event_name,category_master.category_name,event.place, event.host_comment,category_master.category_id,event.decision_day, event.event_id from event inner join employee_master on event.host_num = employee_master.emp_num inner join category_master on event.category_id = category_master.category_id where event_id = ? 
394204 [http-nio-8080-exec-8] DEBUG j.c.i.s.m.E.selectEventFromId - ==>  Preparing: select employee_master.emp_name,employee_master.emp_num, event.event_name,category_master.category_name,event.place, event.host_comment,category_master.category_id,event.decision_day, event.event_id from event inner join employee_master on event.host_num = employee_master.emp_num inner join category_master on event.category_id = category_master.category_id where event_id = ? 
394205 [http-nio-8080-exec-8] DEBUG j.c.i.s.m.E.selectEventFromId - ==> Parameters: 9(Integer)
394205 [http-nio-8080-exec-8] DEBUG j.c.i.s.m.E.selectEventFromId - ==> Parameters: 9(Integer)
394404 [http-nio-8080-exec-8] DEBUG j.c.i.s.m.E.selectEventFromId - <==      Total: 1
394404 [http-nio-8080-exec-8] DEBUG j.c.i.s.m.E.selectEventFromId - <==      Total: 1
395188 [http-nio-8080-exec-8] DEBUG j.c.i.s.m.C.selectCategoryList - ==>  Preparing: select * from category_master order by category_master.category_id 
395188 [http-nio-8080-exec-8] DEBUG j.c.i.s.m.C.selectCategoryList - ==>  Preparing: select * from category_master order by category_master.category_id 
395188 [http-nio-8080-exec-8] DEBUG j.c.i.s.m.C.selectCategoryList - ==> Parameters: 
395188 [http-nio-8080-exec-8] DEBUG j.c.i.s.m.C.selectCategoryList - ==> Parameters: 
395391 [http-nio-8080-exec-8] DEBUG j.c.i.s.m.C.selectCategoryList - <==      Total: 4
395391 [http-nio-8080-exec-8] DEBUG j.c.i.s.m.C.selectCategoryList - <==      Total: 4
396978 [http-nio-8080-exec-8] DEBUG j.c.i.s.m.C.selectComment - ==>  Preparing: select comment.participant_comment,employee_master.emp_name from comment inner join employee_master on comment.emp_num = employee_master.emp_num where comment.event_id = ? order by comment.commment_id 
396978 [http-nio-8080-exec-8] DEBUG j.c.i.s.m.C.selectComment - ==>  Preparing: select comment.participant_comment,employee_master.emp_name from comment inner join employee_master on comment.emp_num = employee_master.emp_num where comment.event_id = ? order by comment.commment_id 
396979 [http-nio-8080-exec-8] DEBUG j.c.i.s.m.C.selectComment - ==> Parameters: 9(Integer)
396979 [http-nio-8080-exec-8] DEBUG j.c.i.s.m.C.selectComment - ==> Parameters: 9(Integer)
397181 [http-nio-8080-exec-8] DEBUG j.c.i.s.m.C.selectComment - <==      Total: 1
397181 [http-nio-8080-exec-8] DEBUG j.c.i.s.m.C.selectComment - <==      Total: 1
