648147 [http-nio-8080-exec-10] DEBUG j.c.i.s.c.event.EventController - 一致しました。
648147 [http-nio-8080-exec-10] DEBUG j.c.i.s.c.event.EventController - 一致しました。
648155 [http-nio-8080-exec-10] DEBUG j.c.i.s.c.event.EventController - 一致しました。
648155 [http-nio-8080-exec-10] DEBUG j.c.i.s.c.event.EventController - 一致しました。
648532 [http-nio-8080-exec-10] DEBUG j.c.i.s.m.EventMapper.createEvent - ==>  Preparing: insert into event(event_name,host_num,category_id,place,host_comment) values (?,?,?,?,?) 
648532 [http-nio-8080-exec-10] DEBUG j.c.i.s.m.EventMapper.createEvent - ==>  Preparing: insert into event(event_name,host_num,category_id,place,host_comment) values (?,?,?,?,?) 
648533 [http-nio-8080-exec-10] DEBUG j.c.i.s.m.EventMapper.createEvent - ==> Parameters: 剣道大会(String), 103(String), 2(String), じぱんぐ(String), 剣道やるでござる(String)
648533 [http-nio-8080-exec-10] DEBUG j.c.i.s.m.EventMapper.createEvent - ==> Parameters: 剣道大会(String), 103(String), 2(String), じぱんぐ(String), 剣道やるでござる(String)
648940 [http-nio-8080-exec-10] DEBUG j.c.i.s.m.EventMapper.createEvent - <==    Updates: 1
648940 [http-nio-8080-exec-10] DEBUG j.c.i.s.m.EventMapper.createEvent - <==    Updates: 1
648941 [http-nio-8080-exec-10] DEBUG j.c.i.s.m.E.getEventRegistId - ==>  Preparing: select event.event_id from event where event.event_id=(SELECT MAX(event.event_id) FROM event) 
648941 [http-nio-8080-exec-10] DEBUG j.c.i.s.m.E.getEventRegistId - ==>  Preparing: select event.event_id from event where event.event_id=(SELECT MAX(event.event_id) FROM event) 
648941 [http-nio-8080-exec-10] DEBUG j.c.i.s.m.E.getEventRegistId - ==> Parameters: 
648941 [http-nio-8080-exec-10] DEBUG j.c.i.s.m.E.getEventRegistId - ==> Parameters: 
649125 [http-nio-8080-exec-10] DEBUG j.c.i.s.m.E.getEventRegistId - <==      Total: 1
649125 [http-nio-8080-exec-10] DEBUG j.c.i.s.m.E.getEventRegistId - <==      Total: 1
649126 [http-nio-8080-exec-10] DEBUG j.c.i.s.service.EventService - 13:2018-11-01
649126 [http-nio-8080-exec-10] DEBUG j.c.i.s.service.EventService - 13:2018-11-01
649126 [http-nio-8080-exec-10] DEBUG j.c.i.s.service.EventService - 13:2018-11-02
649126 [http-nio-8080-exec-10] DEBUG j.c.i.s.service.EventService - 13:2018-11-02
649126 [http-nio-8080-exec-10] DEBUG j.c.i.s.service.EventService - 13:2018-11-03
649126 [http-nio-8080-exec-10] DEBUG j.c.i.s.service.EventService - 13:2018-11-03
649126 [http-nio-8080-exec-10] DEBUG j.c.i.s.service.EventService - 13:2018-11-04
649126 [http-nio-8080-exec-10] DEBUG j.c.i.s.service.EventService - 13:2018-11-04
649126 [http-nio-8080-exec-10] DEBUG j.c.i.s.service.EventService - 13:2018-11-05
649126 [http-nio-8080-exec-10] DEBUG j.c.i.s.service.EventService - 13:2018-11-05
649142 [http-nio-8080-exec-10] DEBUG j.c.i.s.m.C.candidateDay - ==>  Preparing: insert into candidate_day(event_id,candidate_day) values (?,?) , (?,?) , (?,?) , (?,?) , (?,?) 
649142 [http-nio-8080-exec-10] DEBUG j.c.i.s.m.C.candidateDay - ==>  Preparing: insert into candidate_day(event_id,candidate_day) values (?,?) , (?,?) , (?,?) , (?,?) , (?,?) 
649143 [http-nio-8080-exec-10] DEBUG j.c.i.s.m.C.candidateDay - ==> Parameters: 13(Integer), 2018-11-01(Date), 13(Integer), 2018-11-02(Date), 13(Integer), 2018-11-03(Date), 13(Integer), 2018-11-04(Date), 13(Integer), 2018-11-05(Date)
649143 [http-nio-8080-exec-10] DEBUG j.c.i.s.m.C.candidateDay - ==> Parameters: 13(Integer), 2018-11-01(Date), 13(Integer), 2018-11-02(Date), 13(Integer), 2018-11-03(Date), 13(Integer), 2018-11-04(Date), 13(Integer), 2018-11-05(Date)
649509 [http-nio-8080-exec-10] DEBUG j.c.i.s.m.C.candidateDay - <==    Updates: 5
649509 [http-nio-8080-exec-10] DEBUG j.c.i.s.m.C.candidateDay - <==    Updates: 5
650262 [http-nio-8080-exec-10] DEBUG j.c.i.s.m.E.selectEventListNotDevision - ==>  Preparing: select event.event_id,event.event_name,employee_master.emp_name from event inner join employee_master on event.host_num = employee_master.emp_num where event.decision_day is null order by event.event_id desc 
650262 [http-nio-8080-exec-10] DEBUG j.c.i.s.m.E.selectEventListNotDevision - ==>  Preparing: select event.event_id,event.event_name,employee_master.emp_name from event inner join employee_master on event.host_num = employee_master.emp_num where event.decision_day is null order by event.event_id desc 
650262 [http-nio-8080-exec-10] DEBUG j.c.i.s.m.E.selectEventListNotDevision - ==> Parameters: 
650262 [http-nio-8080-exec-10] DEBUG j.c.i.s.m.E.selectEventListNotDevision - ==> Parameters: 
650447 [http-nio-8080-exec-10] DEBUG j.c.i.s.m.E.selectEventListNotDevision - <==      Total: 4
650447 [http-nio-8080-exec-10] DEBUG j.c.i.s.m.E.selectEventListNotDevision - <==      Total: 4
651184 [http-nio-8080-exec-10] DEBUG j.c.i.s.m.E.selectEventListDevision - ==>  Preparing: select event.event_id,event.event_name,employee_master.emp_name,event.decision_day from event inner join employee_master on event.host_num = employee_master.emp_num where event.decision_day is not null and event.decision_day >= CURRENT_DATE() order by event.decision_day 
651184 [http-nio-8080-exec-10] DEBUG j.c.i.s.m.E.selectEventListDevision - ==>  Preparing: select event.event_id,event.event_name,employee_master.emp_name,event.decision_day from event inner join employee_master on event.host_num = employee_master.emp_num where event.decision_day is not null and event.decision_day >= CURRENT_DATE() order by event.decision_day 
651184 [http-nio-8080-exec-10] DEBUG j.c.i.s.m.E.selectEventListDevision - ==> Parameters: 
651184 [http-nio-8080-exec-10] DEBUG j.c.i.s.m.E.selectEventListDevision - ==> Parameters: 
651370 [http-nio-8080-exec-10] DEBUG j.c.i.s.m.E.selectEventListDevision - <==      Total: 2
651370 [http-nio-8080-exec-10] DEBUG j.c.i.s.m.E.selectEventListDevision - <==      Total: 2
652105 [http-nio-8080-exec-10] DEBUG j.c.i.s.m.E.selectEventListEnd - ==>  Preparing: select event.event_id,event.event_name,employee_master.emp_name,event.decision_day from event inner join employee_master on event.host_num = employee_master.emp_num where event.decision_day is not null and event.decision_day < CURRENT_DATE() order by event.decision_day desc 
652105 [http-nio-8080-exec-10] DEBUG j.c.i.s.m.E.selectEventListEnd - ==>  Preparing: select event.event_id,event.event_name,employee_master.emp_name,event.decision_day from event inner join employee_master on event.host_num = employee_master.emp_num where event.decision_day is not null and event.decision_day < CURRENT_DATE() order by event.decision_day desc 
652106 [http-nio-8080-exec-10] DEBUG j.c.i.s.m.E.selectEventListEnd - ==> Parameters: 
652106 [http-nio-8080-exec-10] DEBUG j.c.i.s.m.E.selectEventListEnd - ==> Parameters: 
652291 [http-nio-8080-exec-10] DEBUG j.c.i.s.m.E.selectEventListEnd - <==      Total: 4
652291 [http-nio-8080-exec-10] DEBUG j.c.i.s.m.E.selectEventListEnd - <==      Total: 4
653025 [http-nio-8080-exec-10] DEBUG j.c.i.s.m.C.selectCategoryList - ==>  Preparing: select * from category_master order by category_master.category_id 
653025 [http-nio-8080-exec-10] DEBUG j.c.i.s.m.C.selectCategoryList - ==>  Preparing: select * from category_master order by category_master.category_id 
653025 [http-nio-8080-exec-10] DEBUG j.c.i.s.m.C.selectCategoryList - ==> Parameters: 
653025 [http-nio-8080-exec-10] DEBUG j.c.i.s.m.C.selectCategoryList - ==> Parameters: 
653209 [http-nio-8080-exec-10] DEBUG j.c.i.s.m.C.selectCategoryList - <==      Total: 4
653209 [http-nio-8080-exec-10] DEBUG j.c.i.s.m.C.selectCategoryList - <==      Total: 4
653944 [http-nio-8080-exec-10] DEBUG j.c.i.s.m.E.selectEmpName - ==>  Preparing: select employee_master.emp_num,employee_master.emp_name from employee_master order by employee_master.emp_num 
653944 [http-nio-8080-exec-10] DEBUG j.c.i.s.m.E.selectEmpName - ==>  Preparing: select employee_master.emp_num,employee_master.emp_name from employee_master order by employee_master.emp_num 
653944 [http-nio-8080-exec-10] DEBUG j.c.i.s.m.E.selectEmpName - ==> Parameters: 
653944 [http-nio-8080-exec-10] DEBUG j.c.i.s.m.E.selectEmpName - ==> Parameters: 
654130 [http-nio-8080-exec-10] DEBUG j.c.i.s.m.E.selectEmpName - <==      Total: 21
654130 [http-nio-8080-exec-10] DEBUG j.c.i.s.m.E.selectEmpName - <==      Total: 21
676612 [http-nio-8080-exec-2] DEBUG j.c.i.s.m.C.selectCandidateDay - ==>  Preparing: select candidate_day.candidate_day,employee_master.emp_name,candidate_day.event_id ,vote_info.vote_emp_num from candidate_day left join vote_info on candidate_day.event_id = vote_info.event_id and candidate_day.candidate_day = vote_info.candidate_day left join employee_master on vote_info.vote_emp_num = employee_master.emp_num where candidate_day.event_id = ? order by candidate_day.candidate_day,employee_master.emp_num 
676612 [http-nio-8080-exec-2] DEBUG j.c.i.s.m.C.selectCandidateDay - ==>  Preparing: select candidate_day.candidate_day,employee_master.emp_name,candidate_day.event_id ,vote_info.vote_emp_num from candidate_day left join vote_info on candidate_day.event_id = vote_info.event_id and candidate_day.candidate_day = vote_info.candidate_day left join employee_master on vote_info.vote_emp_num = employee_master.emp_num where candidate_day.event_id = ? order by candidate_day.candidate_day,employee_master.emp_num 
676613 [http-nio-8080-exec-2] DEBUG j.c.i.s.m.C.selectCandidateDay - ==> Parameters: 13(Integer)
676613 [http-nio-8080-exec-2] DEBUG j.c.i.s.m.C.selectCandidateDay - ==> Parameters: 13(Integer)
676811 [http-nio-8080-exec-2] DEBUG j.c.i.s.m.C.selectCandidateDay - <==      Total: 5
676811 [http-nio-8080-exec-2] DEBUG j.c.i.s.m.C.selectCandidateDay - <==      Total: 5
678284 [http-nio-8080-exec-2] DEBUG j.c.i.s.m.E.selectEventFromId - ==>  Preparing: select employee_master.emp_name,employee_master.emp_num, event.event_name,category_master.category_name,event.place, event.host_comment,category_master.category_id,event.decision_day, event.event_id from event inner join employee_master on event.host_num = employee_master.emp_num inner join category_master on event.category_id = category_master.category_id where event_id = ? 
678284 [http-nio-8080-exec-2] DEBUG j.c.i.s.m.E.selectEventFromId - ==>  Preparing: select employee_master.emp_name,employee_master.emp_num, event.event_name,category_master.category_name,event.place, event.host_comment,category_master.category_id,event.decision_day, event.event_id from event inner join employee_master on event.host_num = employee_master.emp_num inner join category_master on event.category_id = category_master.category_id where event_id = ? 
678285 [http-nio-8080-exec-2] DEBUG j.c.i.s.m.E.selectEventFromId - ==> Parameters: 13(Integer)
678285 [http-nio-8080-exec-2] DEBUG j.c.i.s.m.E.selectEventFromId - ==> Parameters: 13(Integer)
678473 [http-nio-8080-exec-2] DEBUG j.c.i.s.m.E.selectEventFromId - <==      Total: 1
678473 [http-nio-8080-exec-2] DEBUG j.c.i.s.m.E.selectEventFromId - <==      Total: 1
679209 [http-nio-8080-exec-2] DEBUG j.c.i.s.m.C.selectCategoryList - ==>  Preparing: select * from category_master order by category_master.category_id 
679209 [http-nio-8080-exec-2] DEBUG j.c.i.s.m.C.selectCategoryList - ==>  Preparing: select * from category_master order by category_master.category_id 
679210 [http-nio-8080-exec-2] DEBUG j.c.i.s.m.C.selectCategoryList - ==> Parameters: 
679210 [http-nio-8080-exec-2] DEBUG j.c.i.s.m.C.selectCategoryList - ==> Parameters: 
679399 [http-nio-8080-exec-2] DEBUG j.c.i.s.m.C.selectCategoryList - <==      Total: 4
679399 [http-nio-8080-exec-2] DEBUG j.c.i.s.m.C.selectCategoryList - <==      Total: 4
680877 [http-nio-8080-exec-2] DEBUG j.c.i.s.m.C.selectComment - ==>  Preparing: select comment.participant_comment,employee_master.emp_name from comment inner join employee_master on comment.emp_num = employee_master.emp_num where comment.event_id = ? order by comment.commment_id 
680877 [http-nio-8080-exec-2] DEBUG j.c.i.s.m.C.selectComment - ==>  Preparing: select comment.participant_comment,employee_master.emp_name from comment inner join employee_master on comment.emp_num = employee_master.emp_num where comment.event_id = ? order by comment.commment_id 
680878 [http-nio-8080-exec-2] DEBUG j.c.i.s.m.C.selectComment - ==> Parameters: 13(Integer)
680878 [http-nio-8080-exec-2] DEBUG j.c.i.s.m.C.selectComment - ==> Parameters: 13(Integer)
681062 [http-nio-8080-exec-2] DEBUG j.c.i.s.m.C.selectComment - <==      Total: 0
681062 [http-nio-8080-exec-2] DEBUG j.c.i.s.m.C.selectComment - <==      Total: 0
