533884 [http-nio-8080-exec-4] DEBUG j.c.i.s.m.E.selectEventListNotDevision - ==>  Preparing: select event.event_id,event.event_name,employee_master.emp_name from event inner join employee_master on event.host_num = employee_master.emp_num where event.decision_day is null order by event.event_id desc 
533884 [http-nio-8080-exec-4] DEBUG j.c.i.s.m.E.selectEventListNotDevision - ==>  Preparing: select event.event_id,event.event_name,employee_master.emp_name from event inner join employee_master on event.host_num = employee_master.emp_num where event.decision_day is null order by event.event_id desc 
533898 [http-nio-8080-exec-4] DEBUG j.c.i.s.m.E.selectEventListNotDevision - ==> Parameters: 
533898 [http-nio-8080-exec-4] DEBUG j.c.i.s.m.E.selectEventListNotDevision - ==> Parameters: 
534091 [http-nio-8080-exec-4] DEBUG j.c.i.s.m.E.selectEventListNotDevision - <==      Total: 3
534091 [http-nio-8080-exec-4] DEBUG j.c.i.s.m.E.selectEventListNotDevision - <==      Total: 3
534832 [http-nio-8080-exec-4] DEBUG j.c.i.s.m.E.selectEventListDevision - ==>  Preparing: select event.event_id,event.event_name,employee_master.emp_name,event.decision_day from event inner join employee_master on event.host_num = employee_master.emp_num where event.decision_day is not null and event.decision_day >= CURRENT_DATE() order by event.decision_day 
534832 [http-nio-8080-exec-4] DEBUG j.c.i.s.m.E.selectEventListDevision - ==>  Preparing: select event.event_id,event.event_name,employee_master.emp_name,event.decision_day from event inner join employee_master on event.host_num = employee_master.emp_num where event.decision_day is not null and event.decision_day >= CURRENT_DATE() order by event.decision_day 
534833 [http-nio-8080-exec-4] DEBUG j.c.i.s.m.E.selectEventListDevision - ==> Parameters: 
534833 [http-nio-8080-exec-4] DEBUG j.c.i.s.m.E.selectEventListDevision - ==> Parameters: 
535021 [http-nio-8080-exec-4] DEBUG j.c.i.s.m.E.selectEventListDevision - <==      Total: 2
535021 [http-nio-8080-exec-4] DEBUG j.c.i.s.m.E.selectEventListDevision - <==      Total: 2
535762 [http-nio-8080-exec-4] DEBUG j.c.i.s.m.E.selectEventListEnd - ==>  Preparing: select event.event_id,event.event_name,employee_master.emp_name,event.decision_day from event inner join employee_master on event.host_num = employee_master.emp_num where event.decision_day is not null and event.decision_day < CURRENT_DATE() order by event.decision_day desc 
535762 [http-nio-8080-exec-4] DEBUG j.c.i.s.m.E.selectEventListEnd - ==>  Preparing: select event.event_id,event.event_name,employee_master.emp_name,event.decision_day from event inner join employee_master on event.host_num = employee_master.emp_num where event.decision_day is not null and event.decision_day < CURRENT_DATE() order by event.decision_day desc 
535763 [http-nio-8080-exec-4] DEBUG j.c.i.s.m.E.selectEventListEnd - ==> Parameters: 
535763 [http-nio-8080-exec-4] DEBUG j.c.i.s.m.E.selectEventListEnd - ==> Parameters: 
535947 [http-nio-8080-exec-4] DEBUG j.c.i.s.m.E.selectEventListEnd - <==      Total: 4
535947 [http-nio-8080-exec-4] DEBUG j.c.i.s.m.E.selectEventListEnd - <==      Total: 4
536685 [http-nio-8080-exec-4] DEBUG j.c.i.s.m.C.selectCategoryList - ==>  Preparing: select * from category_master order by category_master.category_id 
536685 [http-nio-8080-exec-4] DEBUG j.c.i.s.m.C.selectCategoryList - ==>  Preparing: select * from category_master order by category_master.category_id 
536686 [http-nio-8080-exec-4] DEBUG j.c.i.s.m.C.selectCategoryList - ==> Parameters: 
536686 [http-nio-8080-exec-4] DEBUG j.c.i.s.m.C.selectCategoryList - ==> Parameters: 
536870 [http-nio-8080-exec-4] DEBUG j.c.i.s.m.C.selectCategoryList - <==      Total: 4
536870 [http-nio-8080-exec-4] DEBUG j.c.i.s.m.C.selectCategoryList - <==      Total: 4
537624 [http-nio-8080-exec-4] DEBUG j.c.i.s.m.E.selectEmpName - ==>  Preparing: select employee_master.emp_num,employee_master.emp_name from employee_master order by employee_master.emp_num 
537624 [http-nio-8080-exec-4] DEBUG j.c.i.s.m.E.selectEmpName - ==>  Preparing: select employee_master.emp_num,employee_master.emp_name from employee_master order by employee_master.emp_num 
537624 [http-nio-8080-exec-4] DEBUG j.c.i.s.m.E.selectEmpName - ==> Parameters: 
537624 [http-nio-8080-exec-4] DEBUG j.c.i.s.m.E.selectEmpName - ==> Parameters: 
537809 [http-nio-8080-exec-4] DEBUG j.c.i.s.m.E.selectEmpName - <==      Total: 21
537809 [http-nio-8080-exec-4] DEBUG j.c.i.s.m.E.selectEmpName - <==      Total: 21
581940 [http-nio-8080-exec-5] DEBUG j.c.i.s.m.C.selectCandidateDay - ==>  Preparing: select candidate_day.candidate_day,employee_master.emp_name,candidate_day.event_id ,vote_info.vote_emp_num from candidate_day left join vote_info on candidate_day.event_id = vote_info.event_id and candidate_day.candidate_day = vote_info.candidate_day left join employee_master on vote_info.vote_emp_num = employee_master.emp_num where candidate_day.event_id = ? order by candidate_day.candidate_day,employee_master.emp_num 
581940 [http-nio-8080-exec-5] DEBUG j.c.i.s.m.C.selectCandidateDay - ==>  Preparing: select candidate_day.candidate_day,employee_master.emp_name,candidate_day.event_id ,vote_info.vote_emp_num from candidate_day left join vote_info on candidate_day.event_id = vote_info.event_id and candidate_day.candidate_day = vote_info.candidate_day left join employee_master on vote_info.vote_emp_num = employee_master.emp_num where candidate_day.event_id = ? order by candidate_day.candidate_day,employee_master.emp_num 
581942 [http-nio-8080-exec-5] DEBUG j.c.i.s.m.C.selectCandidateDay - ==> Parameters: 7(Integer)
581942 [http-nio-8080-exec-5] DEBUG j.c.i.s.m.C.selectCandidateDay - ==> Parameters: 7(Integer)
582130 [http-nio-8080-exec-5] DEBUG j.c.i.s.m.C.selectCandidateDay - <==      Total: 5
582130 [http-nio-8080-exec-5] DEBUG j.c.i.s.m.C.selectCandidateDay - <==      Total: 5
583609 [http-nio-8080-exec-5] DEBUG j.c.i.s.m.E.selectEventFromId - ==>  Preparing: select employee_master.emp_name,employee_master.emp_num, event.event_name,category_master.category_name,event.place, event.host_comment,category_master.category_id,event.decision_day, event.event_id from event inner join employee_master on event.host_num = employee_master.emp_num inner join category_master on event.category_id = category_master.category_id where event_id = ? 
583609 [http-nio-8080-exec-5] DEBUG j.c.i.s.m.E.selectEventFromId - ==>  Preparing: select employee_master.emp_name,employee_master.emp_num, event.event_name,category_master.category_name,event.place, event.host_comment,category_master.category_id,event.decision_day, event.event_id from event inner join employee_master on event.host_num = employee_master.emp_num inner join category_master on event.category_id = category_master.category_id where event_id = ? 
583610 [http-nio-8080-exec-5] DEBUG j.c.i.s.m.E.selectEventFromId - ==> Parameters: 7(Integer)
583610 [http-nio-8080-exec-5] DEBUG j.c.i.s.m.E.selectEventFromId - ==> Parameters: 7(Integer)
583800 [http-nio-8080-exec-5] DEBUG j.c.i.s.m.E.selectEventFromId - <==      Total: 1
583800 [http-nio-8080-exec-5] DEBUG j.c.i.s.m.E.selectEventFromId - <==      Total: 1
